[0.006s] Invoking command in '/home/uas/Documents/blue/git repos/xplane_ros2/build/xplane_interfaces': CONDA_PROMPT_MODIFIER=(base) /usr/bin/cmake --build /home/uas/Documents/blue/git repos/xplane_ros2/build/xplane_interfaces -- -j24 -l24
[0.017s] -- Found ament_cmake: 1.3.8 (/opt/ros/humble/share/ament_cmake/cmake)
[0.108s] Traceback (most recent call last):
[0.108s]   File "/opt/ros/humble/share/ament_cmake_core/cmake/package_templates/templates_2_cmake.py", line 21, in <module>
[0.108s]     from ament_package.templates import get_environment_hook_template_path
[0.108s] ModuleNotFoundError: No module named 'ament_package'
[0.110s] [31mCMake Error at /opt/ros/humble/share/ament_cmake_core/cmake/ament_cmake_package_templates-extras.cmake:41 (message):
[0.110s]   execute_process(/home/uas/anaconda3/bin/python3
[0.110s]   /opt/ros/humble/share/ament_cmake_core/cmake/package_templates/templates_2_cmake.py
[0.110s]   /home/uas/Documents/blue/git
[0.110s]   repos/xplane_ros2/build/xplane_interfaces/ament_cmake_package_templates/templates.cmake)
[0.110s]   returned error code 1
[0.110s] Call Stack (most recent call first):
[0.110s]   /opt/ros/humble/share/ament_cmake_core/cmake/ament_cmake_coreConfig.cmake:41 (include)
[0.110s]   /opt/ros/humble/share/ament_cmake/cmake/ament_cmake_export_dependencies-extras.cmake:15 (find_package)
[0.110s]   /opt/ros/humble/share/ament_cmake/cmake/ament_cmakeConfig.cmake:41 (include)
[0.111s]   CMakeLists.txt:9 (find_package)
[0.111s] 
[0.111s] [0m
[0.111s] -- Configuring incomplete, errors occurred!
[0.112s] gmake: *** [Makefile:963: cmake_check_build_system] Error 1
[0.119s] Invoked command in '/home/uas/Documents/blue/git repos/xplane_ros2/build/xplane_interfaces' returned '2': CONDA_PROMPT_MODIFIER=(base) /usr/bin/cmake --build /home/uas/Documents/blue/git repos/xplane_ros2/build/xplane_interfaces -- -j24 -l24
