[0.008s] Invoking command in '/home/uas/Documents/blue/git repos/xplane_ros2/build/xplane_interfaces': CMAKE_PREFIX_PATH=/opt/ros/humble CONDA_PROMPT_MODIFIER=(base) /usr/bin/cmake --build /home/uas/Documents/blue/git repos/xplane_ros2/build/xplane_interfaces -- -j24 -l24
[0.018s] -- Found ament_cmake: 1.3.8 (/opt/ros/humble/share/ament_cmake/cmake)
[0.151s] -- Found rclcpp: 16.0.8 (/opt/ros/humble/share/rclcpp/cmake)
[0.170s] -- Found rosidl_generator_c: 3.1.5 (/opt/ros/humble/share/rosidl_generator_c/cmake)
[0.172s] -- Found rosidl_adapter: 3.1.5 (/opt/ros/humble/share/rosidl_adapter/cmake)
[0.176s] -- Found rosidl_generator_cpp: 3.1.5 (/opt/ros/humble/share/rosidl_generator_cpp/cmake)
[0.184s] -- Using all available rosidl_typesupport_c: rosidl_typesupport_fastrtps_c;rosidl_typesupport_introspection_c
[0.195s] -- Using all available rosidl_typesupport_cpp: rosidl_typesupport_fastrtps_cpp;rosidl_typesupport_introspection_cpp
[0.236s] -- Found rmw_implementation_cmake: 6.1.1 (/opt/ros/humble/share/rmw_implementation_cmake/cmake)
[0.237s] -- Found rmw_fastrtps_cpp: 6.2.6 (/opt/ros/humble/share/rmw_fastrtps_cpp/cmake)
[0.319s] -- Using RMW implementation 'rmw_fastrtps_cpp' as default
[0.432s] -- Found rosidl_default_generators: 1.2.0 (/opt/ros/humble/share/rosidl_default_generators/cmake)
[0.437s] -- Found ament_lint_auto: 0.12.10 (/opt/ros/humble/share/ament_lint_auto/cmake)
[0.615s] [31mCMake Error at /opt/ros/humble/share/rosidl_adapter/cmake/rosidl_adapt_interfaces.cmake:59 (message):
[0.615s]   execute_process(/home/uas/anaconda3/bin/python3 -m rosidl_adapter
[0.615s]   --package-name xplane_interfaces --arguments-file
[0.615s]   /home/uas/Documents/blue/git
[0.615s]   repos/xplane_ros2/build/xplane_interfaces/rosidl_adapter__arguments__xplane_interfaces.json
[0.615s]   --output-dir /home/uas/Documents/blue/git
[0.615s]   repos/xplane_ros2/build/xplane_interfaces/rosidl_adapter/xplane_interfaces
[0.615s]   --output-file /home/uas/Documents/blue/git
[0.615s]   repos/xplane_ros2/build/xplane_interfaces/rosidl_adapter/xplane_interfaces.idls)
[0.616s]   returned error code 1:
[0.616s] 
[0.616s]   AttributeError processing template 'msg.idl.em'
[0.616s] 
[0.616s]   Traceback (most recent call last):
[0.616s] 
[0.616s]     File "/opt/ros/humble/local/lib/python3.10/dist-packages/rosidl_adapter/resource/__init__.py", line 51, in evaluate_template
[0.616s]       em.BUFFERED_OPT: True,
[0.616s]       ^^^^^^^^^^^^^^^
[0.616s] 
[0.616s]   AttributeError: module 'em' has no attribute 'BUFFERED_OPT'
[0.616s] 
[0.616s] 
[0.616s] 
[0.616s]   During handling of the above exception, another exception occurred:
[0.616s] 
[0.616s] 
[0.616s] 
[0.616s]   Traceback (most recent call last):
[0.616s] 
[0.616s]     File "<frozen runpy>", line 198, in _run_module_as_main
[0.616s]     File "<frozen runpy>", line 88, in _run_code
[0.616s]     File "/opt/ros/humble/local/lib/python3.10/dist-packages/rosidl_adapter/__main__.py", line 19, in <module>
[0.616s]       sys.exit(main())
[0.616s]                ^^^^^^
[0.616s]     File "/opt/ros/humble/local/lib/python3.10/dist-packages/rosidl_adapter/main.py", line 53, in main
[0.616s]       abs_idl_file = convert_to_idl(
[0.616s]                      ^^^^^^^^^^^^^^^
[0.616s]     File "/opt/ros/humble/local/lib/python3.10/dist-packages/rosidl_adapter/__init__.py", line 19, in convert_to_idl
[0.616s]       return convert_msg_to_idl(
[0.617s]              ^^^^^^^^^^^^^^^^^^^
[0.617s]     File "/opt/ros/humble/local/lib/python3.10/dist-packages/rosidl_adapter/msg/__init__.py", line 39, in convert_msg_to_idl
[0.617s]       expand_template('msg.idl.em', data, output_file, encoding='iso-8859-1')
[0.617s]     File "/opt/ros/humble/local/lib/python3.10/dist-packages/rosidl_adapter/resource/__init__.py", line 23, in expand_template
[0.617s]       content = evaluate_template(template_name, data)
[0.617s]                 ^^^^^^^^^^^^^^^^^^^^^^^^^^^^^^^^^^^^^^
[0.617s]     File "/opt/ros/humble/local/lib/python3.10/dist-packages/rosidl_adapter/resource/__init__.py", line 69, in evaluate_template
[0.617s]       _interpreter.shutdown()
[0.617s]       ^^^^^^^^^^^^^^^^^^^^^
[0.617s] 
[0.617s]   AttributeError: 'NoneType' object has no attribute 'shutdown'
[0.617s] 
[0.617s] Call Stack (most recent call first):
[0.617s]   /opt/ros/humble/share/rosidl_cmake/cmake/rosidl_generate_interfaces.cmake:130 (rosidl_adapt_interfaces)
[0.617s]   CMakeLists.txt:29 (rosidl_generate_interfaces)
[0.617s] 
[0.617s] [0m
[0.617s] -- Configuring incomplete, errors occurred!
[0.621s] gmake: *** [Makefile:226: cmake_check_build_system] Error 1
[0.622s] Invoked command in '/home/uas/Documents/blue/git repos/xplane_ros2/build/xplane_interfaces' returned '2': CMAKE_PREFIX_PATH=/opt/ros/humble CONDA_PROMPT_MODIFIER=(base) /usr/bin/cmake --build /home/uas/Documents/blue/git repos/xplane_ros2/build/xplane_interfaces -- -j24 -l24
