[0.008s] Invoking command in '/home/uas/Documents/blue/git repos/xplane_ros2/build/xplane_interfaces': CMAKE_PREFIX_PATH=/opt/ros/humble CONDA_PROMPT_MODIFIER=(base) /usr/bin/cmake --build /home/uas/Documents/blue/git repos/xplane_ros2/build/xplane_interfaces -- -j24 -l24
[0.019s] -- Found ament_cmake: 1.3.8 (/opt/ros/humble/share/ament_cmake/cmake)
[0.152s] -- Found rclcpp: 16.0.8 (/opt/ros/humble/share/rclcpp/cmake)
[0.171s] -- Found rosidl_generator_c: 3.1.5 (/opt/ros/humble/share/rosidl_generator_c/cmake)
[0.173s] -- Found rosidl_adapter: 3.1.5 (/opt/ros/humble/share/rosidl_adapter/cmake)
[0.177s] -- Found rosidl_generator_cpp: 3.1.5 (/opt/ros/humble/share/rosidl_generator_cpp/cmake)
[0.185s] -- Using all available rosidl_typesupport_c: rosidl_typesupport_fastrtps_c;rosidl_typesupport_introspection_c
[0.196s] -- Using all available rosidl_typesupport_cpp: rosidl_typesupport_fastrtps_cpp;rosidl_typesupport_introspection_cpp
[0.237s] -- Found rmw_implementation_cmake: 6.1.1 (/opt/ros/humble/share/rmw_implementation_cmake/cmake)
[0.238s] -- Found rmw_fastrtps_cpp: 6.2.6 (/opt/ros/humble/share/rmw_fastrtps_cpp/cmake)
[0.321s] -- Using RMW implementation 'rmw_fastrtps_cpp' as default
[0.434s] -- Found rosidl_default_generators: 1.2.0 (/opt/ros/humble/share/rosidl_default_generators/cmake)
[0.438s] -- Found ament_lint_auto: 0.12.10 (/opt/ros/humble/share/ament_lint_auto/cmake)
[0.718s] -- Found ament_cmake_ros: 0.10.0 (/opt/ros/humble/share/ament_cmake_ros/cmake)
[1.192s] -- Using all available rosidl_typesupport_c: rosidl_typesupport_fastrtps_c;rosidl_typesupport_introspection_c
[1.379s] -- Using all available rosidl_typesupport_cpp: rosidl_typesupport_fastrtps_cpp;rosidl_typesupport_introspection_cpp
[1.381s] [33mCMake Warning (dev) at /opt/ros/humble/share/rosidl_generator_py/cmake/rosidl_generator_py_generate_interfaces.cmake:20 (find_package):
[1.381s]   Policy CMP0148 is not set: The FindPythonInterp and FindPythonLibs modules
[1.381s]   are removed.  Run "cmake --help-policy CMP0148" for policy details.  Use
[1.381s]   the cmake_policy command to set the policy and suppress this warning.
[1.381s] 
[1.381s] Call Stack (most recent call first):
[1.381s]   /opt/ros/humble/share/ament_cmake_core/cmake/core/ament_execute_extensions.cmake:48 (include)
[1.381s]   /opt/ros/humble/share/rosidl_cmake/cmake/rosidl_generate_interfaces.cmake:286 (ament_execute_extensions)
[1.381s]   CMakeLists.txt:29 (rosidl_generate_interfaces)
[1.381s] This warning is for project developers.  Use -Wno-dev to suppress it.
[1.381s] [0m
[1.396s] -- Found PythonInterp: /home/uas/anaconda3/bin/python3 (found suitable version "3.11.7", minimum required is "3.6")
[1.397s] -- Found python_cmake_module: 0.10.0 (/opt/ros/humble/share/python_cmake_module/cmake)
[1.399s] [33mCMake Warning (dev) at /opt/ros/humble/share/python_cmake_module/cmake/Modules/FindPythonExtra.cmake:52 (find_package):
[1.399s]   Policy CMP0148 is not set: The FindPythonInterp and FindPythonLibs modules
[1.399s]   are removed.  Run "cmake --help-policy CMP0148" for policy details.  Use
[1.399s]   the cmake_policy command to set the policy and suppress this warning.
[1.399s] 
[1.399s] Call Stack (most recent call first):
[1.399s]   /opt/ros/humble/share/rosidl_generator_py/cmake/rosidl_generator_py_generate_interfaces.cmake:23 (find_package)
[1.399s]   /opt/ros/humble/share/ament_cmake_core/cmake/core/ament_execute_extensions.cmake:48 (include)
[1.399s]   /opt/ros/humble/share/rosidl_cmake/cmake/rosidl_generate_interfaces.cmake:286 (ament_execute_extensions)
[1.399s]   CMakeLists.txt:29 (rosidl_generate_interfaces)
[1.399s] This warning is for project developers.  Use -Wno-dev to suppress it.
[1.399s] [0m
[1.419s] [33mCMake Warning (dev) at /opt/ros/humble/share/python_cmake_module/cmake/Modules/FindPythonExtra.cmake:140 (find_package):
[1.419s]   Policy CMP0148 is not set: The FindPythonInterp and FindPythonLibs modules
[1.419s]   are removed.  Run "cmake --help-policy CMP0148" for policy details.  Use
[1.419s]   the cmake_policy command to set the policy and suppress this warning.
[1.419s] 
[1.419s] Call Stack (most recent call first):
[1.419s]   /opt/ros/humble/share/rosidl_generator_py/cmake/rosidl_generator_py_generate_interfaces.cmake:23 (find_package)
[1.419s]   /opt/ros/humble/share/ament_cmake_core/cmake/core/ament_execute_extensions.cmake:48 (include)
[1.419s]   /opt/ros/humble/share/rosidl_cmake/cmake/rosidl_generate_interfaces.cmake:286 (ament_execute_extensions)
[1.419s]   CMakeLists.txt:29 (rosidl_generate_interfaces)
[1.419s] This warning is for project developers.  Use -Wno-dev to suppress it.
[1.419s] [0m
[1.422s] -- Found PythonLibs: /home/uas/anaconda3/lib/libpython3.11.so (found suitable version "3.11.7", minimum required is "3.5")
[1.422s] -- Using PYTHON_EXECUTABLE: /home/uas/anaconda3/bin/python3
[1.422s] -- Using PYTHON_INCLUDE_DIRS: /home/uas/anaconda3/include/python3.11
[1.422s] -- Using PYTHON_LIBRARIES: /home/uas/anaconda3/lib/libpython3.11.so
[1.439s] -- Found PythonExtra: .so
[1.593s] -- Using numpy include directory: /home/uas/anaconda3/lib/python3.11/site-packages/numpy/core/include
[1.599s] -- Added test 'lint_cmake' to check CMake code style
[1.600s] -- Added test 'xmllint' to check XML markup files
[1.604s] -- Configuring done (1.6s)
[1.623s] -- Generating done (0.0s)
[1.625s] -- Build files have been written to: /home/uas/Documents/blue/git repos/xplane_ros2/build/xplane_interfaces
[1.639s] [  2%] [34m[1mGenerating C code for ROS interfaces[0m
[1.642s] [  5%] [34m[1mGenerating C++ code for ROS interfaces[0m
[1.644s] [  5%] Built target ament_cmake_python_copy_xplane_interfaces
[1.673s] Traceback (most recent call last):
[1.673s]   File "/opt/ros/humble/share/rosidl_generator_c/cmake/../../../lib/rosidl_generator_c/rosidl_generator_c", line 8, in <module>
[1.673s]     from rosidl_generator_c import generate_c
[1.673s]   File "/opt/ros/humble/local/lib/python3.10/dist-packages/rosidl_generator_c/__init__.py", line 15, in <module>
[1.673s]     from rosidl_cmake import convert_camel_case_to_lower_case_underscore
[1.673s]   File "/opt/ros/humble/local/lib/python3.10/dist-packages/rosidl_cmake/__init__.py", line 24, in <module>
[1.673s]     from rosidl_parser.parser import parse_idl_file
[1.673s]   File "/opt/ros/humble/local/lib/python3.10/dist-packages/rosidl_parser/parser.py", line 20, in <module>
[1.673s]     from lark import Lark
[1.673s] ModuleNotFoundError: No module named 'lark'
[1.676s] Traceback (most recent call last):
[1.676s]   File "/opt/ros/humble/share/rosidl_generator_cpp/cmake/../../../lib/rosidl_generator_cpp/rosidl_generator_cpp", line 8, in <module>
[1.676s]     from rosidl_generator_cpp import generate_cpp
[1.676s]   File "/opt/ros/humble/local/lib/python3.10/dist-packages/rosidl_generator_cpp/__init__.py", line 17, in <module>
[1.676s]     from rosidl_cmake import generate_files
[1.676s]   File "/opt/ros/humble/local/lib/python3.10/dist-packages/rosidl_cmake/__init__.py", line 24, in <module>
[1.676s]     from rosidl_parser.parser import parse_idl_file
[1.676s]   File "/opt/ros/humble/local/lib/python3.10/dist-packages/rosidl_parser/parser.py", line 20, in <module>
[1.676s]     from lark import Lark
[1.676s] ModuleNotFoundError: No module named 'lark'
[1.678s] gmake[2]: *** [CMakeFiles/xplane_interfaces__rosidl_generator_c.dir/build.make:88: rosidl_generator_c/xplane_interfaces/msg/uav_state.h] Error 1
[1.678s] gmake[1]: *** [CMakeFiles/Makefile2:212: CMakeFiles/xplane_interfaces__rosidl_generator_c.dir/all] Error 2
[1.678s] gmake[1]: *** Waiting for unfinished jobs....
[1.681s] gmake[2]: *** [CMakeFiles/xplane_interfaces__cpp.dir/build.make:96: rosidl_generator_cpp/xplane_interfaces/msg/uav_state.hpp] Error 1
[1.681s] gmake[1]: *** [CMakeFiles/Makefile2:265: CMakeFiles/xplane_interfaces__cpp.dir/all] Error 2
[1.762s] running egg_info
[1.762s] creating xplane_interfaces.egg-info
[1.771s] writing xplane_interfaces.egg-info/PKG-INFO
[1.771s] writing dependency_links to xplane_interfaces.egg-info/dependency_links.txt
[1.771s] writing top-level names to xplane_interfaces.egg-info/top_level.txt
[1.771s] writing manifest file 'xplane_interfaces.egg-info/SOURCES.txt'
[1.798s] reading manifest file 'xplane_interfaces.egg-info/SOURCES.txt'
[1.799s] writing manifest file 'xplane_interfaces.egg-info/SOURCES.txt'
[1.813s] [  5%] Built target ament_cmake_python_build_xplane_interfaces_egg
[1.814s] gmake: *** [Makefile:146: all] Error 2
[1.816s] Invoked command in '/home/uas/Documents/blue/git repos/xplane_ros2/build/xplane_interfaces' returned '2': CMAKE_PREFIX_PATH=/opt/ros/humble CONDA_PROMPT_MODIFIER=(base) /usr/bin/cmake --build /home/uas/Documents/blue/git repos/xplane_ros2/build/xplane_interfaces -- -j24 -l24
