[31mCMake Error at /usr/share/cmake-3.29/Modules/FindPackageHandleStandardArgs.cmake:230 (message):
  Could NOT find Python3 (missing: Interpreter)

      Reason given by package: 
          Interpreter: Cannot run the interpreter "/home/uas/anaconda3/bin/python3"

Call Stack (most recent call first):
  /usr/share/cmake-3.29/Modules/FindPackageHandleStandardArgs.cmake:600 (_FPHSA_FAILURE_MESSAGE)
  /usr/share/cmake-3.29/Modules/FindPython/Support.cmake:3867 (find_package_handle_standard_args)
  /usr/share/cmake-3.29/Modules/FindPython3.cmake:545 (include)
  /opt/ros/humble/share/ament_cmake_core/cmake/core/python.cmake:33 (find_package)
  /opt/ros/humble/share/ament_cmake_core/cmake/core/all.cmake:54 (include)
  /opt/ros/humble/share/ament_cmake_core/cmake/ament_cmake_core-extras.cmake:17 (include)
  /opt/ros/humble/share/ament_cmake_core/cmake/ament_cmake_coreConfig.cmake:41 (include)
  /opt/ros/humble/share/ament_cmake/cmake/ament_cmake_export_dependencies-extras.cmake:15 (find_package)
  /opt/ros/humble/share/ament_cmake/cmake/ament_cmakeConfig.cmake:41 (include)
  CMakeLists.txt:9 (find_package)

[0m
gmake: *** [Makefile:963: cmake_check_build_system] Error 1
