[0.011s] Invoking command in '/home/uas/Documents/blue/git repos/xplane_ros2/build/xplane_interfaces': CMAKE_PREFIX_PATH=/opt/ros/humble /usr/bin/cmake --build /home/uas/Documents/blue/git repos/xplane_ros2/build/xplane_interfaces -- -j24 -l24
[0.028s] -- Found ament_cmake: 1.3.8 (/opt/ros/humble/share/ament_cmake/cmake)
[0.035s] [31mCMake Error at /usr/share/cmake-3.29/Modules/FindPackageHandleStandardArgs.cmake:230 (message):
[0.035s]   Could NOT find Python3 (missing: Interpreter)
[0.035s] 
[0.035s]       Reason given by package: 
[0.035s]           Interpreter: Cannot run the interpreter "/home/uas/anaconda3/bin/python3"
[0.035s] 
[0.035s] Call Stack (most recent call first):
[0.035s]   /usr/share/cmake-3.29/Modules/FindPackageHandleStandardArgs.cmake:600 (_FPHSA_FAILURE_MESSAGE)
[0.035s]   /usr/share/cmake-3.29/Modules/FindPython/Support.cmake:3867 (find_package_handle_standard_args)
[0.035s]   /usr/share/cmake-3.29/Modules/FindPython3.cmake:545 (include)
[0.035s]   /opt/ros/humble/share/ament_cmake_core/cmake/core/python.cmake:33 (find_package)
[0.035s]   /opt/ros/humble/share/ament_cmake_core/cmake/core/all.cmake:54 (include)
[0.035s]   /opt/ros/humble/share/ament_cmake_core/cmake/ament_cmake_core-extras.cmake:17 (include)
[0.035s]   /opt/ros/humble/share/ament_cmake_core/cmake/ament_cmake_coreConfig.cmake:41 (include)
[0.035s]   /opt/ros/humble/share/ament_cmake/cmake/ament_cmake_export_dependencies-extras.cmake:15 (find_package)
[0.035s]   /opt/ros/humble/share/ament_cmake/cmake/ament_cmakeConfig.cmake:41 (include)
[0.035s]   CMakeLists.txt:9 (find_package)
[0.035s] 
[0.035s] [0m
[0.035s] -- Configuring incomplete, errors occurred!
[0.037s] gmake: *** [Makefile:963: cmake_check_build_system] Error 1
[0.199s] Invoked command in '/home/uas/Documents/blue/git repos/xplane_ros2/build/xplane_interfaces' returned '2': CMAKE_PREFIX_PATH=/opt/ros/humble /usr/bin/cmake --build /home/uas/Documents/blue/git repos/xplane_ros2/build/xplane_interfaces -- -j24 -l24
